{"/home/luisyubu23/Documentos/projects/patient-booking-manager/src/appointments/components/Appointment.tsx": {"path":"/home/luisyubu23/Documentos/projects/patient-booking-manager/src/appointments/components/Appointment.tsx","statementMap":{"0":{"start":{"line":1,"column":0},"end":{"line":1,"column":33}},"1":{"start":{"line":2,"column":0},"end":{"line":2,"column":48}},"2":{"start":{"line":4,"column":0},"end":{"line":4,"column":26}},"3":{"start":{"line":13,"column":48},"end":{"line":75,"column":1}},"4":{"start":{"line":14,"column":42},"end":{"line":14,"column":57}},"5":{"start":{"line":16,"column":2},"end":{"line":74,"column":4}},"6":{"start":{"line":22,"column":25},"end":{"line":22,"column":58}},"7":{"start":{"line":61,"column":25},"end":{"line":61,"column":56}},"8":{"start":{"line":68,"column":25},"end":{"line":68,"column":46}},"9":{"start":{"line":77,"column":0},"end":{"line":77,"column":27}}},"fnMap":{"0":{"name":"(anonymous_1)","decl":{"start":{"line":13,"column":48},"end":{"line":13,"column":49}},"loc":{"start":{"line":13,"column":58},"end":{"line":75,"column":1}}},"1":{"name":"(anonymous_2)","decl":{"start":{"line":22,"column":19},"end":{"line":22,"column":22}},"loc":{"start":{"line":22,"column":25},"end":{"line":22,"column":58}}},"2":{"name":"(anonymous_3)","decl":{"start":{"line":61,"column":19},"end":{"line":61,"column":22}},"loc":{"start":{"line":61,"column":25},"end":{"line":61,"column":56}}},"3":{"name":"(anonymous_4)","decl":{"start":{"line":68,"column":19},"end":{"line":68,"column":22}},"loc":{"start":{"line":68,"column":25},"end":{"line":68,"column":46}}}},"branchMap":{"0":{"loc":{"start":{"line":18,"column":7},"end":{"line":25,"column":null}},"type":"binary-expr","locations":[{"start":{"line":18,"column":7},"end":{"line":18,"column":19}},{"start":{"line":19,"column":8},"end":{"line":24,"column":null}}]}},"s":{"0":1,"1":1,"2":1,"3":1,"4":1,"5":1,"6":0,"7":0,"8":0,"9":1},"f":{"0":1,"1":0,"2":0,"3":0},"b":{"0":[1,0]}}
,"/home/luisyubu23/Documentos/projects/patient-booking-manager/src/utilities/Modal/Modal.tsx": {"path":"/home/luisyubu23/Documentos/projects/patient-booking-manager/src/utilities/Modal/Modal.tsx","statementMap":{"0":{"start":{"line":1,"column":0},"end":{"line":1,"column":58}},"1":{"start":{"line":2,"column":0},"end":{"line":2,"column":55}},"2":{"start":{"line":3,"column":0},"end":{"line":3,"column":70}},"3":{"start":{"line":5,"column":32},"end":{"line":92,"column":1}},"4":{"start":{"line":6,"column":26},"end":{"line":6,"column":38}},"5":{"start":{"line":8,"column":22},"end":{"line":11,"column":3}},"6":{"start":{"line":9,"column":4},"end":{"line":9,"column":30}},"7":{"start":{"line":10,"column":4},"end":{"line":10,"column":20}},"8":{"start":{"line":13,"column":2},"end":{"line":91,"column":4}},"9":{"start":{"line":79,"column":35},"end":{"line":79,"column":60}},"10":{"start":{"line":94,"column":0},"end":{"line":94,"column":21}}},"fnMap":{"0":{"name":"(anonymous_6)","decl":{"start":{"line":5,"column":32},"end":{"line":5,"column":33}},"loc":{"start":{"line":5,"column":42},"end":{"line":92,"column":1}}},"1":{"name":"(anonymous_7)","decl":{"start":{"line":8,"column":22},"end":{"line":8,"column":25}},"loc":{"start":{"line":8,"column":27},"end":{"line":11,"column":3}}},"2":{"name":"(anonymous_8)","decl":{"start":{"line":79,"column":29},"end":{"line":79,"column":32}},"loc":{"start":{"line":79,"column":35},"end":{"line":79,"column":60}}}},"branchMap":{},"s":{"0":1,"1":1,"2":1,"3":1,"4":0,"5":0,"6":0,"7":0,"8":0,"9":0,"10":1},"f":{"0":0,"1":0,"2":0},"b":{}}
}
