TN:
SF:src/appointments/components/Appointment.tsx
FN:13,(anonymous_1)
FN:22,(anonymous_2)
FN:61,(anonymous_3)
FN:68,(anonymous_4)
FNF:4
FNH:1
FNDA:1,(anonymous_1)
FNDA:0,(anonymous_2)
FNDA:0,(anonymous_3)
FNDA:0,(anonymous_4)
DA:1,1
DA:2,1
DA:4,1
DA:13,1
DA:14,1
DA:16,1
DA:22,0
DA:61,0
DA:68,0
DA:77,1
LF:10
LH:7
BRDA:18,0,0,1
BRDA:18,0,1,0
BRF:2
BRH:1
end_of_record
TN:
SF:src/utilities/Modal/Modal.tsx
FN:5,(anonymous_6)
FN:8,(anonymous_7)
FN:79,(anonymous_8)
FNF:3
FNH:0
FNDA:0,(anonymous_6)
FNDA:0,(anonymous_7)
FNDA:0,(anonymous_8)
DA:1,1
DA:2,1
DA:3,1
DA:5,1
DA:6,0
DA:8,0
DA:9,0
DA:10,0
DA:13,0
DA:79,0
DA:94,1
LF:11
LH:5
BRF:0
BRH:0
end_of_record
